12:36:20.564 [info] Child {LoggerFileBackend, :general_log} of Supervisor Logger.Backends.Supervisor started
Pid: #PID<0.118.0>
Start Call: Logger.Backends.Watcher.start_link({{LoggerFileBackend, :general_log}, {LoggerFileBackend, :general_log}})
Restart: :transient
Shutdown: 5000
Type: :worker
12:36:20.564 [info] Child Logger.Backends.Supervisor of Supervisor Logger.Backends.Internal started
Pid: #PID<0.117.0>
Start Call: Logger.Backends.Supervisor.start_link([{LoggerFileBackend, :general_log}])
Restart: :permanent
Shutdown: :infinity
Type: :supervisor
12:36:20.564 [info] Child Logger.Backends.Internal of Supervisor Logger.Supervisor started
Pid: #PID<0.113.0>
Start Call: Logger.Backends.Internal.start_link([])
Restart: :permanent
Shutdown: :infinity
Type: :supervisor
12:36:20.564 [info] Application logger started at :nonode@nohost
12:36:21.482 [info] Child :ttb_autostart of Supervisor :runtime_tools_sup started
Pid: #PID<0.1442.0>
Start Call: :ttb_autostart.start_link()
Restart: :temporary
Shutdown: 3000
Type: :worker
12:36:21.482 [info] Application runtime_tools started at :nonode@nohost
12:36:21.484 [info] Application erts started at :nonode@nohost
12:36:21.484 [info] Application lx_lexical_shared started at :nonode@nohost
12:36:21.485 [info] Child LXSnowflake.Generator of Supervisor #PID<0.1448.0> (Supervisor.Default) started
Pid: #PID<0.1449.0>
Start Call: LXSnowflake.Generator.start_link(1704070800000, 1)
Restart: :permanent
Shutdown: 5000
Type: :worker
12:36:21.485 [info] Application lx_snowflake started at :nonode@nohost
12:36:21.485 [info] Application lx_sourceror started at :nonode@nohost
12:36:21.485 [info] Application lx_common started at :nonode@nohost
12:36:21.485 [info] Application lx_elixir_sense started at :nonode@nohost
12:36:21.490 [info] Application jason started at :nonode@nohost
12:36:21.490 [info] Application logger_file_backend started at :nonode@nohost
12:36:21.490 [info] Application lx_path_glob started at :nonode@nohost
12:36:21.490 [info] Application lx_proto started at :nonode@nohost
12:36:21.491 [info] Application lx_protocol started at :nonode@nohost
12:36:21.501 [info] Child LXical.Document.Store of Supervisor LXical.Server.Supervisor started
Pid: #PID<0.1462.0>
Start Call: LXical.Document.Store.start_link([derive: [analysis: &LXical.Ast.analyze/1]])
Restart: :permanent
Shutdown: 5000
Type: :worker
12:36:21.504 [info] Child LXical.Server of Supervisor LXical.Server.Supervisor started
Pid: #PID<0.1463.0>
Start Call: LXical.Server.start_link([])
Restart: :permanent
Shutdown: 5000
Type: :worker
12:36:21.504 [info] Child LXical.Server.ProjectSupervisor of Supervisor LXical.Server.Supervisor started
Pid: #PID<0.1464.0>
Start Call: DynamicSupervisor.start_link([name: LXical.Server.ProjectSupervisor, strategy: :one_for_one])
Restart: :permanent
Shutdown: :infinity
Type: :supervisor
12:36:21.504 [info] Child LXical.Server.Provider.Queue.Supervisor of Supervisor LXical.Server.Supervisor started
Pid: #PID<0.1465.0>
Start Call: Task.Supervisor.start_link([name: LXical.Server.Provider.Queue.Supervisor])
Restart: :permanent
Shutdown: :infinity
Type: :supervisor
12:36:21.505 [info] Child LXical.Server.Provider.Queue of Supervisor LXical.Server.Supervisor started
Pid: #PID<0.1466.0>
Start Call: LXical.Server.Provider.Queue.start_link([])
Restart: :permanent
Shutdown: 5000
Type: :worker
12:36:21.505 [info] Child LXical.Server.Transport.StdIO of Supervisor LXical.Server.Supervisor started
Pid: #PID<0.1467.0>
Start Call: LXical.Server.Transport.StdIO.start_link(:standard_io, &LXical.Server.protocol_message/1)
Restart: :permanent
Shutdown: 5000
Type: :worker
12:36:21.505 [info] Application lx_server started at :nonode@nohost
12:36:21.519 [info] Starting project at uri file:///Users/zoedsoupe/dev/supabase/storage-ex
12:36:21.532 [info] Child {LXical.Server.Project.Progress, "storage_ex"} of Supervisor :"storage_ex::supervisor" started
Pid: #PID<0.1469.0>
Start Call: LXical.Server.Project.Progress.start_link(%LXical.Project{root_uri: "file:///Users/zoedsoupe/dev/supabase/storage-ex", mix_exs_uri: "file:///Users/zoedsoupe/dev/supabase/storage-ex/mix.exs", mix_project?: true, mix_env: nil, mix_target: nil, env_variables: %{}, project_module: nil, entropy: 57170, project_config: []})
Restart: :permanent
Shutdown: 5000
Type: :worker
12:36:21.535 [info] Child {LXical.RemoteControl.ProjectNodeSupervisor, "storage_ex"} of Supervisor :"storage_ex::supervisor" started
Pid: #PID<0.1470.0>
Start Call: LXical.RemoteControl.ProjectNodeSupervisor.start_link(%LXical.Project{root_uri: "file:///Users/zoedsoupe/dev/supabase/storage-ex", mix_exs_uri: "file:///Users/zoedsoupe/dev/supabase/storage-ex/mix.exs", mix_project?: true, mix_env: nil, mix_target: nil, env_variables: %{}, project_module: nil, entropy: 57170, project_config: []})
Restart: :permanent
Shutdown: 5000
Type: :worker
12:36:21.547 [info] Child :erl_epmd of Supervisor :net_sup started
Pid: #PID<0.1473.0>
Start Call: :erl_epmd.start_link()
Restart: :permanent
Shutdown: 2000
Type: :worker
12:36:21.548 [info] Child :auth of Supervisor :net_sup started
Pid: #PID<0.1474.0>
Start Call: :auth.start_link()
Restart: :permanent
Shutdown: 2000
Type: :worker
12:36:21.551 [info] Child :net_kernel of Supervisor :net_sup started
Pid: #PID<0.1475.0>
Start Call: :net_kernel.start_link(%{name: :"manager-storage_ex-57170@127.0.0.1", supervisor: :net_sup_dynamic, net_tickintensity: 4, net_ticktime: 60, name_domain: :longnames, clean_halt: false})
Restart: :permanent
Shutdown: 2000
Type: :worker
12:36:21.551 [info] Child :net_sup_dynamic of Supervisor :kernel_sup started
Pid: #PID<0.1472.0>
Start Call: :erl_distribution.start_link(%{name: :"manager-storage_ex-57170@127.0.0.1", supervisor: :net_sup_dynamic, net_tickintensity: 4, net_ticktime: 60, name_domain: :longnames, clean_halt: false})
Restart: :permanent
Shutdown: 1000
Type: :supervisor
12:36:21.711 [error] Process #PID<0.1471.0> terminating
** (exit) {:badrpc, {:EXIT, {:undef, [{LXical.Project, :root_path, [%LXical.Project{root_uri: "file:///Users/zoedsoupe/dev/supabase/storage-ex", mix_exs_uri: "file:///Users/zoedsoupe/dev/supabase/storage-ex/mix.exs", mix_project?: true, mix_env: nil, mix_target: nil, env_variables: %{}, project_module: nil, entropy: 57170, project_config: []}], []}, {LXical.RemoteControl.Bootstrap, :init, 3, [file: ~c"lib/lexical/remote_control/bootstrap.ex", line: 20]}]}}}
    (stdlib 5.1.1) gen_server.erl:943: :gen_server.init_it/6
    (stdlib 5.1.1) proc_lib.erl:241: :proc_lib.init_p_do_apply/3
Initial Call: LXical.Server.Project.Node.init/1
Ancestors: [:"storage_ex::supervisor", LXical.Server.ProjectSupervisor, LXical.Server.Supervisor, #PID<0.1460.0>]
Message Queue Length: 0
Messages: []
Links: [#PID<0.1468.0>]
Dictionary: []
Trapping Exits: false
Status: :running
Heap Size: 6772
Stack Size: 28
Reductions: 201750
12:36:21.712 [error] Child {LXical.Server.Project.Node, "storage_ex"} of Supervisor :"storage_ex::supervisor" failed to start
** (exit) {:badrpc, {:EXIT, {:undef, [{LXical.Project, :root_path, [%LXical.Project{root_uri: "file:///Users/zoedsoupe/dev/supabase/storage-ex", mix_exs_uri: "file:///Users/zoedsoupe/dev/supabase/storage-ex/mix.exs", mix_project?: true, mix_env: nil, mix_target: nil, env_variables: %{}, project_module: nil, entropy: 57170, project_config: []}], []}, {LXical.RemoteControl.Bootstrap, :init, 3, [file: ~c"lib/lexical/remote_control/bootstrap.ex", line: 20]}]}}}
Start Call: LXical.Server.Project.Node.start_link(%LXical.Project{root_uri: "file:///Users/zoedsoupe/dev/supabase/storage-ex", mix_exs_uri: "file:///Users/zoedsoupe/dev/supabase/storage-ex/mix.exs", mix_project?: true, mix_env: nil, mix_target: nil, env_variables: %{}, project_module: nil, entropy: 57170, project_config: []})
Restart: :permanent
Shutdown: 5000
Type: :worker
12:36:21.715 [info] Lexical Initialized
12:36:21.715 [info] opened file:///Users/zoedsoupe/dev/supabase/storage-ex/lib/supabase/storage/application.ex
12:36:36.007 [error] Shutting down
12:36:36.007 [warn] Received an Exit notification. Halting the server in 150ms
12:36:36.008 [info] Child :timer_server of Supervisor :kernel_sup started
Pid: #PID<0.1482.0>
Start Call: :timer.start_link()
Restart: :permanent
Shutdown: 1000
Type: :worker
12:36:36.014 [error] stdio received :eof, server will stop.
12:36:36.014 [error] Child of Supervisor :standard_error_sup terminated
** (exit) :epipe
Pid: #PID<0.52.0>
Start Module: :standard_error
12:36:36.015 [error] Child LXical.Server.Transport.StdIO of Supervisor LXical.Server.Supervisor terminated
** (exit) normal
Pid: #PID<0.1467.0>
Start Call: LXical.Server.Transport.StdIO.start_link(:standard_io, &LXical.Server.protocol_message/1)
Restart: :permanent
Shutdown: 5000
Type: :worker
12:36:36.015 [info] Child LXical.Server.Transport.StdIO of Supervisor LXical.Server.Supervisor started
Pid: #PID<0.1483.0>
Start Call: LXical.Server.Transport.StdIO.start_link(:standard_io, &LXical.Server.protocol_message/1)
Restart: :permanent
Shutdown: 5000
Type: :worker
